<?xml version="1.0" encoding="UTF-8"?>
<!-- Generated by org.testng.reporters.JUnitReportReporter -->
<testsuite skipped="0" hostname="Jimiait" name="test.ContactsPageTest" tests="1" failures="0" timestamp="2022-07-27T15:41:34 CDT" time="5.566" errors="0">
  <testcase name="userShouldBeAbleToCreateNewCustomer" time="5.566" classname="test.ContactsPageTest"/>
  <system-out/>
</testsuite> <!-- test.ContactsPageTest -->
