<?xml version="1.0" encoding="UTF-8"?>
<!-- Generated by org.testng.reporters.JUnitReportReporter -->
<testsuite skipped="0" hostname="Jimiait" name="test.LoginTest" tests="1" failures="0" timestamp="2022-07-27T07:27:10 CDT" time="6.362" errors="0">
  <testcase name="validUserShouldBeAbleToLogin" time="6.362" classname="test.LoginTest"/>
  <system-out/>
</testsuite> <!-- test.LoginTest -->
